<?xml version="1.0" encoding="UTF-8"?>
<testsuite xmlns:xsi="http://www.w3.org/2001/XMLSchema-instance" xsi:noNamespaceSchemaLocation="https://maven.apache.org/surefire/maven-surefire-plugin/xsd/surefire-test-report-3.0.xsd" version="3.0" name="com.example.AppTest" time="0.031" tests="1" errors="0" skipped="0" failures="0">
  <properties>
    <property name="java.specification.version" value="23"/>
    <property name="sun.jnu.encoding" value="UTF-8"/>
    <property name="java.class.path" value="/Users/n1ks0nic/Documents/Comp sci stuff/FullStackEventTicketingSystem/EmailVerificationQueuer/target/test-classes:/Users/n1ks0nic/Documents/Comp sci stuff/FullStackEventTicketingSystem/EmailVerificationQueuer/target/classes:/Users/n1ks0nic/.m2/repository/junit/junit/3.8.1/junit-3.8.1.jar:/Users/n1ks0nic/.m2/repository/software/amazon/awssdk/auth/2.30.21/auth-2.30.21.jar:/Users/n1ks0nic/.m2/repository/software/amazon/awssdk/annotations/2.30.21/annotations-2.30.21.jar:/Users/n1ks0nic/.m2/repository/software/amazon/awssdk/utils/2.30.21/utils-2.30.21.jar:/Users/n1ks0nic/.m2/repository/software/amazon/awssdk/identity-spi/2.30.21/identity-spi-2.30.21.jar:/Users/n1ks0nic/.m2/repository/software/amazon/awssdk/regions/2.30.21/regions-2.30.21.jar:/Users/n1ks0nic/.m2/repository/software/amazon/awssdk/profiles/2.30.21/profiles-2.30.21.jar:/Users/n1ks0nic/.m2/repository/software/amazon/awssdk/http-client-spi/2.30.21/http-client-spi-2.30.21.jar:/Users/n1ks0nic/.m2/repository/software/amazon/awssdk/json-utils/2.30.21/json-utils-2.30.21.jar:/Users/n1ks0nic/.m2/repository/software/amazon/awssdk/third-party-jackson-core/2.30.21/third-party-jackson-core-2.30.21.jar:/Users/n1ks0nic/.m2/repository/software/amazon/awssdk/http-auth-aws/2.30.21/http-auth-aws-2.30.21.jar:/Users/n1ks0nic/.m2/repository/software/amazon/awssdk/http-auth-aws-eventstream/2.30.21/http-auth-aws-eventstream-2.30.21.jar:/Users/n1ks0nic/.m2/repository/software/amazon/awssdk/http-auth/2.30.21/http-auth-2.30.21.jar:/Users/n1ks0nic/.m2/repository/software/amazon/awssdk/http-auth-spi/2.30.21/http-auth-spi-2.30.21.jar:/Users/n1ks0nic/.m2/repository/software/amazon/eventstream/eventstream/1.0.1/eventstream-1.0.1.jar:/Users/n1ks0nic/.m2/repository/software/amazon/awssdk/aws-crt-client/2.30.21/aws-crt-client-2.30.21.jar:/Users/n1ks0nic/.m2/repository/software/amazon/awssdk/crt/aws-crt/0.33.9/aws-crt-0.33.9.jar:/Users/n1ks0nic/.m2/repository/software/amazon/awssdk/metrics-spi/2.30.21/metrics-spi-2.30.21.jar:/Users/n1ks0nic/.m2/repository/software/amazon/awssdk/crt-core/2.30.21/crt-core-2.30.21.jar:/Users/n1ks0nic/.m2/repository/com/amazonaws/aws-lambda-java-core/1.2.3/aws-lambda-java-core-1.2.3.jar:/Users/n1ks0nic/.m2/repository/com/amazonaws/aws-lambda-java-events/3.14.0/aws-lambda-java-events-3.14.0.jar:/Users/n1ks0nic/.m2/repository/joda-time/joda-time/2.10.8/joda-time-2.10.8.jar:/Users/n1ks0nic/.m2/repository/com/brevo/brevo/1.0.0/brevo-1.0.0.jar:/Users/n1ks0nic/.m2/repository/io/swagger/swagger-annotations/1.5.18/swagger-annotations-1.5.18.jar:/Users/n1ks0nic/.m2/repository/com/squareup/okhttp3/okhttp/4.10.0/okhttp-4.10.0.jar:/Users/n1ks0nic/.m2/repository/com/squareup/okio/okio-jvm/3.0.0/okio-jvm-3.0.0.jar:/Users/n1ks0nic/.m2/repository/org/jetbrains/kotlin/kotlin-stdlib-common/1.5.31/kotlin-stdlib-common-1.5.31.jar:/Users/n1ks0nic/.m2/repository/org/jetbrains/kotlin/kotlin-stdlib/1.6.20/kotlin-stdlib-1.6.20.jar:/Users/n1ks0nic/.m2/repository/org/jetbrains/annotations/13.0/annotations-13.0.jar:/Users/n1ks0nic/.m2/repository/com/squareup/okio/okio/3.9.0/okio-3.9.0.jar:/Users/n1ks0nic/.m2/repository/com/squareup/okhttp3/logging-interceptor/4.10.0/logging-interceptor-4.10.0.jar:/Users/n1ks0nic/.m2/repository/org/jetbrains/kotlin/kotlin-stdlib-jdk8/1.6.10/kotlin-stdlib-jdk8-1.6.10.jar:/Users/n1ks0nic/.m2/repository/org/jetbrains/kotlin/kotlin-stdlib-jdk7/1.6.10/kotlin-stdlib-jdk7-1.6.10.jar:/Users/n1ks0nic/.m2/repository/com/google/code/gson/gson/2.8.9/gson-2.8.9.jar:/Users/n1ks0nic/.m2/repository/io/gsonfire/gson-fire/1.8.2/gson-fire-1.8.2.jar:/Users/n1ks0nic/.m2/repository/org/threeten/threetenbp/1.3.5/threetenbp-1.3.5.jar:/Users/n1ks0nic/.m2/repository/org/apache/commons/commons-lang3/3.0/commons-lang3-3.0.jar:/Users/n1ks0nic/.m2/repository/org/apache/maven/plugins/maven-gpg-plugin/3.1.0/maven-gpg-plugin-3.1.0.jar:/Users/n1ks0nic/.m2/repository/org/apache/maven/shared/maven-artifact-transfer/0.13.1/maven-artifact-transfer-0.13.1.jar:/Users/n1ks0nic/.m2/repository/org/apache/maven/maven-core/3.0/maven-core-3.0.jar:/Users/n1ks0nic/.m2/repository/org/apache/maven/maven-model/3.0/maven-model-3.0.jar:/Users/n1ks0nic/.m2/repository/org/apache/maven/maven-settings/3.0/maven-settings-3.0.jar:/Users/n1ks0nic/.m2/repository/org/apache/maven/maven-settings-builder/3.0/maven-settings-builder-3.0.jar:/Users/n1ks0nic/.m2/repository/org/apache/maven/maven-repository-metadata/3.0/maven-repository-metadata-3.0.jar:/Users/n1ks0nic/.m2/repository/org/apache/maven/maven-plugin-api/3.0/maven-plugin-api-3.0.jar:/Users/n1ks0nic/.m2/repository/org/apache/maven/maven-model-builder/3.0/maven-model-builder-3.0.jar:/Users/n1ks0nic/.m2/repository/org/apache/maven/maven-aether-provider/3.0/maven-aether-provider-3.0.jar:/Users/n1ks0nic/.m2/repository/org/sonatype/aether/aether-impl/1.7/aether-impl-1.7.jar:/Users/n1ks0nic/.m2/repository/org/sonatype/aether/aether-spi/1.7/aether-spi-1.7.jar:/Users/n1ks0nic/.m2/repository/org/sonatype/aether/aether-api/1.7/aether-api-1.7.jar:/Users/n1ks0nic/.m2/repository/org/sonatype/aether/aether-util/1.7/aether-util-1.7.jar:/Users/n1ks0nic/.m2/repository/org/sonatype/sisu/sisu-inject-plexus/1.4.2/sisu-inject-plexus-1.4.2.jar:/Users/n1ks0nic/.m2/repository/org/sonatype/sisu/sisu-inject-bean/1.4.2/sisu-inject-bean-1.4.2.jar:/Users/n1ks0nic/.m2/repository/org/sonatype/sisu/sisu-guice/2.1.7/sisu-guice-2.1.7-noaop.jar:/Users/n1ks0nic/.m2/repository/org/codehaus/plexus/plexus-interpolation/1.14/plexus-interpolation-1.14.jar:/Users/n1ks0nic/.m2/repository/org/codehaus/plexus/plexus-classworlds/2.2.3/plexus-classworlds-2.2.3.jar:/Users/n1ks0nic/.m2/repository/org/apache/maven/maven-artifact/3.0/maven-artifact-3.0.jar:/Users/n1ks0nic/.m2/repository/org/codehaus/plexus/plexus-component-annotations/2.0.0/plexus-component-annotations-2.0.0.jar:/Users/n1ks0nic/.m2/repository/org/apache/maven/shared/maven-common-artifact-filters/3.1.0/maven-common-artifact-filters-3.1.0.jar:/Users/n1ks0nic/.m2/repository/org/apache/maven/shared/maven-shared-utils/3.1.0/maven-shared-utils-3.1.0.jar:/Users/n1ks0nic/.m2/repository/commons-io/commons-io/2.5/commons-io-2.5.jar:/Users/n1ks0nic/.m2/repository/org/codehaus/plexus/plexus-utils/3.4.2/plexus-utils-3.4.2.jar:/Users/n1ks0nic/.m2/repository/org/sonatype/plexus/plexus-sec-dispatcher/1.4/plexus-sec-dispatcher-1.4.jar:/Users/n1ks0nic/.m2/repository/org/sonatype/plexus/plexus-cipher/1.4/plexus-cipher-1.4.jar:/Users/n1ks0nic/.m2/repository/javax/annotation/javax.annotation-api/1.3.2/javax.annotation-api-1.3.2.jar:/Users/n1ks0nic/.m2/repository/com/fasterxml/jackson/core/jackson-databind/2.18.2/jackson-databind-2.18.2.jar:/Users/n1ks0nic/.m2/repository/com/fasterxml/jackson/core/jackson-annotations/2.18.2/jackson-annotations-2.18.2.jar:/Users/n1ks0nic/.m2/repository/com/fasterxml/jackson/core/jackson-core/2.18.2/jackson-core-2.18.2.jar:/Users/n1ks0nic/.m2/repository/software/amazon/awssdk/sqs/2.30.21/sqs-2.30.21.jar:/Users/n1ks0nic/.m2/repository/software/amazon/awssdk/aws-json-protocol/2.30.21/aws-json-protocol-2.30.21.jar:/Users/n1ks0nic/.m2/repository/software/amazon/awssdk/protocol-core/2.30.21/protocol-core-2.30.21.jar:/Users/n1ks0nic/.m2/repository/software/amazon/awssdk/aws-core/2.30.21/aws-core-2.30.21.jar:/Users/n1ks0nic/.m2/repository/software/amazon/awssdk/endpoints-spi/2.30.21/endpoints-spi-2.30.21.jar:/Users/n1ks0nic/.m2/repository/software/amazon/awssdk/retries-spi/2.30.21/retries-spi-2.30.21.jar:/Users/n1ks0nic/.m2/repository/software/amazon/awssdk/checksums/2.30.21/checksums-2.30.21.jar:/Users/n1ks0nic/.m2/repository/software/amazon/awssdk/checksums-spi/2.30.21/checksums-spi-2.30.21.jar:/Users/n1ks0nic/.m2/repository/software/amazon/awssdk/sdk-core/2.30.21/sdk-core-2.30.21.jar:/Users/n1ks0nic/.m2/repository/software/amazon/awssdk/retries/2.30.21/retries-2.30.21.jar:/Users/n1ks0nic/.m2/repository/org/slf4j/slf4j-api/1.7.36/slf4j-api-1.7.36.jar:/Users/n1ks0nic/.m2/repository/org/reactivestreams/reactive-streams/1.0.4/reactive-streams-1.0.4.jar:"/>
    <property name="java.vm.vendor" value="Homebrew"/>
    <property name="sun.arch.data.model" value="64"/>
    <property name="java.vendor.url" value="https://github.com/Homebrew/homebrew-core/issues"/>
    <property name="os.name" value="Mac OS X"/>
    <property name="java.vm.specification.version" value="23"/>
    <property name="sun.java.launcher" value="SUN_STANDARD"/>
    <property name="user.country" value="US"/>
    <property name="sun.boot.library.path" value="/usr/local/Cellar/openjdk/23.0.1/libexec/openjdk.jdk/Contents/Home/lib"/>
    <property name="sun.java.command" value="/Users/n1ks0nic/Documents/Comp sci stuff/FullStackEventTicketingSystem/EmailVerificationQueuer/target/surefire/surefirebooter-20250301192547358_3.jar /Users/n1ks0nic/Documents/Comp sci stuff/FullStackEventTicketingSystem/EmailVerificationQueuer/target/surefire 2025-03-01T19-25-47_291-jvmRun1 surefire-20250301192547358_1tmp surefire_0-20250301192547358_2tmp"/>
    <property name="http.nonProxyHosts" value="local|*.local|169.254/16|*.169.254/16"/>
    <property name="jdk.debug" value="release"/>
    <property name="surefire.test.class.path" value="/Users/n1ks0nic/Documents/Comp sci stuff/FullStackEventTicketingSystem/EmailVerificationQueuer/target/test-classes:/Users/n1ks0nic/Documents/Comp sci stuff/FullStackEventTicketingSystem/EmailVerificationQueuer/target/classes:/Users/n1ks0nic/.m2/repository/junit/junit/3.8.1/junit-3.8.1.jar:/Users/n1ks0nic/.m2/repository/software/amazon/awssdk/auth/2.30.21/auth-2.30.21.jar:/Users/n1ks0nic/.m2/repository/software/amazon/awssdk/annotations/2.30.21/annotations-2.30.21.jar:/Users/n1ks0nic/.m2/repository/software/amazon/awssdk/utils/2.30.21/utils-2.30.21.jar:/Users/n1ks0nic/.m2/repository/software/amazon/awssdk/identity-spi/2.30.21/identity-spi-2.30.21.jar:/Users/n1ks0nic/.m2/repository/software/amazon/awssdk/regions/2.30.21/regions-2.30.21.jar:/Users/n1ks0nic/.m2/repository/software/amazon/awssdk/profiles/2.30.21/profiles-2.30.21.jar:/Users/n1ks0nic/.m2/repository/software/amazon/awssdk/http-client-spi/2.30.21/http-client-spi-2.30.21.jar:/Users/n1ks0nic/.m2/repository/software/amazon/awssdk/json-utils/2.30.21/json-utils-2.30.21.jar:/Users/n1ks0nic/.m2/repository/software/amazon/awssdk/third-party-jackson-core/2.30.21/third-party-jackson-core-2.30.21.jar:/Users/n1ks0nic/.m2/repository/software/amazon/awssdk/http-auth-aws/2.30.21/http-auth-aws-2.30.21.jar:/Users/n1ks0nic/.m2/repository/software/amazon/awssdk/http-auth-aws-eventstream/2.30.21/http-auth-aws-eventstream-2.30.21.jar:/Users/n1ks0nic/.m2/repository/software/amazon/awssdk/http-auth/2.30.21/http-auth-2.30.21.jar:/Users/n1ks0nic/.m2/repository/software/amazon/awssdk/http-auth-spi/2.30.21/http-auth-spi-2.30.21.jar:/Users/n1ks0nic/.m2/repository/software/amazon/eventstream/eventstream/1.0.1/eventstream-1.0.1.jar:/Users/n1ks0nic/.m2/repository/software/amazon/awssdk/aws-crt-client/2.30.21/aws-crt-client-2.30.21.jar:/Users/n1ks0nic/.m2/repository/software/amazon/awssdk/crt/aws-crt/0.33.9/aws-crt-0.33.9.jar:/Users/n1ks0nic/.m2/repository/software/amazon/awssdk/metrics-spi/2.30.21/metrics-spi-2.30.21.jar:/Users/n1ks0nic/.m2/repository/software/amazon/awssdk/crt-core/2.30.21/crt-core-2.30.21.jar:/Users/n1ks0nic/.m2/repository/com/amazonaws/aws-lambda-java-core/1.2.3/aws-lambda-java-core-1.2.3.jar:/Users/n1ks0nic/.m2/repository/com/amazonaws/aws-lambda-java-events/3.14.0/aws-lambda-java-events-3.14.0.jar:/Users/n1ks0nic/.m2/repository/joda-time/joda-time/2.10.8/joda-time-2.10.8.jar:/Users/n1ks0nic/.m2/repository/com/brevo/brevo/1.0.0/brevo-1.0.0.jar:/Users/n1ks0nic/.m2/repository/io/swagger/swagger-annotations/1.5.18/swagger-annotations-1.5.18.jar:/Users/n1ks0nic/.m2/repository/com/squareup/okhttp3/okhttp/4.10.0/okhttp-4.10.0.jar:/Users/n1ks0nic/.m2/repository/com/squareup/okio/okio-jvm/3.0.0/okio-jvm-3.0.0.jar:/Users/n1ks0nic/.m2/repository/org/jetbrains/kotlin/kotlin-stdlib-common/1.5.31/kotlin-stdlib-common-1.5.31.jar:/Users/n1ks0nic/.m2/repository/org/jetbrains/kotlin/kotlin-stdlib/1.6.20/kotlin-stdlib-1.6.20.jar:/Users/n1ks0nic/.m2/repository/org/jetbrains/annotations/13.0/annotations-13.0.jar:/Users/n1ks0nic/.m2/repository/com/squareup/okio/okio/3.9.0/okio-3.9.0.jar:/Users/n1ks0nic/.m2/repository/com/squareup/okhttp3/logging-interceptor/4.10.0/logging-interceptor-4.10.0.jar:/Users/n1ks0nic/.m2/repository/org/jetbrains/kotlin/kotlin-stdlib-jdk8/1.6.10/kotlin-stdlib-jdk8-1.6.10.jar:/Users/n1ks0nic/.m2/repository/org/jetbrains/kotlin/kotlin-stdlib-jdk7/1.6.10/kotlin-stdlib-jdk7-1.6.10.jar:/Users/n1ks0nic/.m2/repository/com/google/code/gson/gson/2.8.9/gson-2.8.9.jar:/Users/n1ks0nic/.m2/repository/io/gsonfire/gson-fire/1.8.2/gson-fire-1.8.2.jar:/Users/n1ks0nic/.m2/repository/org/threeten/threetenbp/1.3.5/threetenbp-1.3.5.jar:/Users/n1ks0nic/.m2/repository/org/apache/commons/commons-lang3/3.0/commons-lang3-3.0.jar:/Users/n1ks0nic/.m2/repository/org/apache/maven/plugins/maven-gpg-plugin/3.1.0/maven-gpg-plugin-3.1.0.jar:/Users/n1ks0nic/.m2/repository/org/apache/maven/shared/maven-artifact-transfer/0.13.1/maven-artifact-transfer-0.13.1.jar:/Users/n1ks0nic/.m2/repository/org/apache/maven/maven-core/3.0/maven-core-3.0.jar:/Users/n1ks0nic/.m2/repository/org/apache/maven/maven-model/3.0/maven-model-3.0.jar:/Users/n1ks0nic/.m2/repository/org/apache/maven/maven-settings/3.0/maven-settings-3.0.jar:/Users/n1ks0nic/.m2/repository/org/apache/maven/maven-settings-builder/3.0/maven-settings-builder-3.0.jar:/Users/n1ks0nic/.m2/repository/org/apache/maven/maven-repository-metadata/3.0/maven-repository-metadata-3.0.jar:/Users/n1ks0nic/.m2/repository/org/apache/maven/maven-plugin-api/3.0/maven-plugin-api-3.0.jar:/Users/n1ks0nic/.m2/repository/org/apache/maven/maven-model-builder/3.0/maven-model-builder-3.0.jar:/Users/n1ks0nic/.m2/repository/org/apache/maven/maven-aether-provider/3.0/maven-aether-provider-3.0.jar:/Users/n1ks0nic/.m2/repository/org/sonatype/aether/aether-impl/1.7/aether-impl-1.7.jar:/Users/n1ks0nic/.m2/repository/org/sonatype/aether/aether-spi/1.7/aether-spi-1.7.jar:/Users/n1ks0nic/.m2/repository/org/sonatype/aether/aether-api/1.7/aether-api-1.7.jar:/Users/n1ks0nic/.m2/repository/org/sonatype/aether/aether-util/1.7/aether-util-1.7.jar:/Users/n1ks0nic/.m2/repository/org/sonatype/sisu/sisu-inject-plexus/1.4.2/sisu-inject-plexus-1.4.2.jar:/Users/n1ks0nic/.m2/repository/org/sonatype/sisu/sisu-inject-bean/1.4.2/sisu-inject-bean-1.4.2.jar:/Users/n1ks0nic/.m2/repository/org/sonatype/sisu/sisu-guice/2.1.7/sisu-guice-2.1.7-noaop.jar:/Users/n1ks0nic/.m2/repository/org/codehaus/plexus/plexus-interpolation/1.14/plexus-interpolation-1.14.jar:/Users/n1ks0nic/.m2/repository/org/codehaus/plexus/plexus-classworlds/2.2.3/plexus-classworlds-2.2.3.jar:/Users/n1ks0nic/.m2/repository/org/apache/maven/maven-artifact/3.0/maven-artifact-3.0.jar:/Users/n1ks0nic/.m2/repository/org/codehaus/plexus/plexus-component-annotations/2.0.0/plexus-component-annotations-2.0.0.jar:/Users/n1ks0nic/.m2/repository/org/apache/maven/shared/maven-common-artifact-filters/3.1.0/maven-common-artifact-filters-3.1.0.jar:/Users/n1ks0nic/.m2/repository/org/apache/maven/shared/maven-shared-utils/3.1.0/maven-shared-utils-3.1.0.jar:/Users/n1ks0nic/.m2/repository/commons-io/commons-io/2.5/commons-io-2.5.jar:/Users/n1ks0nic/.m2/repository/org/codehaus/plexus/plexus-utils/3.4.2/plexus-utils-3.4.2.jar:/Users/n1ks0nic/.m2/repository/org/sonatype/plexus/plexus-sec-dispatcher/1.4/plexus-sec-dispatcher-1.4.jar:/Users/n1ks0nic/.m2/repository/org/sonatype/plexus/plexus-cipher/1.4/plexus-cipher-1.4.jar:/Users/n1ks0nic/.m2/repository/javax/annotation/javax.annotation-api/1.3.2/javax.annotation-api-1.3.2.jar:/Users/n1ks0nic/.m2/repository/com/fasterxml/jackson/core/jackson-databind/2.18.2/jackson-databind-2.18.2.jar:/Users/n1ks0nic/.m2/repository/com/fasterxml/jackson/core/jackson-annotations/2.18.2/jackson-annotations-2.18.2.jar:/Users/n1ks0nic/.m2/repository/com/fasterxml/jackson/core/jackson-core/2.18.2/jackson-core-2.18.2.jar:/Users/n1ks0nic/.m2/repository/software/amazon/awssdk/sqs/2.30.21/sqs-2.30.21.jar:/Users/n1ks0nic/.m2/repository/software/amazon/awssdk/aws-json-protocol/2.30.21/aws-json-protocol-2.30.21.jar:/Users/n1ks0nic/.m2/repository/software/amazon/awssdk/protocol-core/2.30.21/protocol-core-2.30.21.jar:/Users/n1ks0nic/.m2/repository/software/amazon/awssdk/aws-core/2.30.21/aws-core-2.30.21.jar:/Users/n1ks0nic/.m2/repository/software/amazon/awssdk/endpoints-spi/2.30.21/endpoints-spi-2.30.21.jar:/Users/n1ks0nic/.m2/repository/software/amazon/awssdk/retries-spi/2.30.21/retries-spi-2.30.21.jar:/Users/n1ks0nic/.m2/repository/software/amazon/awssdk/checksums/2.30.21/checksums-2.30.21.jar:/Users/n1ks0nic/.m2/repository/software/amazon/awssdk/checksums-spi/2.30.21/checksums-spi-2.30.21.jar:/Users/n1ks0nic/.m2/repository/software/amazon/awssdk/sdk-core/2.30.21/sdk-core-2.30.21.jar:/Users/n1ks0nic/.m2/repository/software/amazon/awssdk/retries/2.30.21/retries-2.30.21.jar:/Users/n1ks0nic/.m2/repository/org/slf4j/slf4j-api/1.7.36/slf4j-api-1.7.36.jar:/Users/n1ks0nic/.m2/repository/org/reactivestreams/reactive-streams/1.0.4/reactive-streams-1.0.4.jar:"/>
    <property name="sun.cpu.endian" value="little"/>
    <property name="user.home" value="/Users/n1ks0nic"/>
    <property name="user.language" value="en"/>
    <property name="java.specification.vendor" value="Oracle Corporation"/>
    <property name="java.version.date" value="2024-10-15"/>
    <property name="java.home" value="/usr/local/Cellar/openjdk/23.0.1/libexec/openjdk.jdk/Contents/Home"/>
    <property name="file.separator" value="/"/>
    <property name="basedir" value="/Users/n1ks0nic/Documents/Comp sci stuff/FullStackEventTicketingSystem/EmailVerificationQueuer"/>
    <property name="java.vm.compressedOopsMode" value="Zero based"/>
    <property name="line.separator" value="&#10;"/>
    <property name="java.vm.specification.vendor" value="Oracle Corporation"/>
    <property name="java.specification.name" value="Java Platform API Specification"/>
    <property name="apple.awt.application.name" value="ForkedBooter"/>
    <property name="surefire.real.class.path" value="/Users/n1ks0nic/Documents/Comp sci stuff/FullStackEventTicketingSystem/EmailVerificationQueuer/target/surefire/surefirebooter-20250301192547358_3.jar"/>
    <property name="sun.management.compiler" value="HotSpot 64-Bit Tiered Compilers"/>
    <property name="ftp.nonProxyHosts" value="local|*.local|169.254/16|*.169.254/16"/>
    <property name="java.runtime.version" value="23.0.1"/>
    <property name="user.name" value="n1ks0nic"/>
    <property name="stdout.encoding" value="UTF-8"/>
    <property name="path.separator" value=":"/>
    <property name="os.version" value="15.3"/>
    <property name="java.runtime.name" value="OpenJDK Runtime Environment"/>
    <property name="file.encoding" value="UTF-8"/>
    <property name="java.vm.name" value="OpenJDK 64-Bit Server VM"/>
    <property name="java.vendor.version" value="Homebrew"/>
    <property name="localRepository" value="/Users/n1ks0nic/.m2/repository"/>
    <property name="java.vendor.url.bug" value="https://github.com/Homebrew/homebrew-core/issues"/>
    <property name="java.io.tmpdir" value="/var/folders/xj/yq820qq94s36lymm7xwm87qc0000gn/T/"/>
    <property name="java.version" value="23.0.1"/>
    <property name="user.dir" value="/Users/n1ks0nic/Documents/Comp sci stuff/FullStackEventTicketingSystem/EmailVerificationQueuer"/>
    <property name="os.arch" value="x86_64"/>
    <property name="java.vm.specification.name" value="Java Virtual Machine Specification"/>
    <property name="native.encoding" value="UTF-8"/>
    <property name="java.library.path" value="/Users/n1ks0nic/Library/Java/Extensions:/Library/Java/Extensions:/Network/Library/Java/Extensions:/System/Library/Java/Extensions:/usr/lib/java:."/>
    <property name="java.vm.info" value="mixed mode, sharing"/>
    <property name="stderr.encoding" value="UTF-8"/>
    <property name="java.vendor" value="Homebrew"/>
    <property name="java.vm.version" value="23.0.1"/>
    <property name="sun.io.unicode.encoding" value="UnicodeBig"/>
    <property name="socksNonProxyHosts" value="local|*.local|169.254/16|*.169.254/16"/>
    <property name="java.class.version" value="67.0"/>
  </properties>
  <testcase name="testApp" classname="com.example.AppTest" time="0.002"/>
</testsuite>