<?xml version="1.0" encoding="UTF-8"?>
<testsuite xmlns:xsi="http://www.w3.org/2001/XMLSchema-instance" xsi:noNamespaceSchemaLocation="https://maven.apache.org/surefire/maven-surefire-plugin/xsd/surefire-test-report-3.0.xsd" version="3.0" name="com.example.AppTest" time="0.021" tests="1" errors="0" skipped="0" failures="0">
  <properties>
    <property name="java.specification.version" value="21"/>
    <property name="sun.jnu.encoding" value="UTF-8"/>
    <property name="java.class.path" value="/Users/n1ks0nic/Documents/Comp sci stuff/FullStackEventTicketingSystem/AuroraPostgresConnector/target/test-classes:/Users/n1ks0nic/Documents/Comp sci stuff/FullStackEventTicketingSystem/AuroraPostgresConnector/target/classes:/Users/n1ks0nic/.m2/repository/org/postgresql/postgresql/42.7.5/postgresql-42.7.5.jar:/Users/n1ks0nic/.m2/repository/org/checkerframework/checker-qual/3.48.3/checker-qual-3.48.3.jar:/Users/n1ks0nic/.m2/repository/software/amazon/awssdk/dsql/2.30.29/dsql-2.30.29.jar:/Users/n1ks0nic/.m2/repository/software/amazon/awssdk/protocol-core/2.30.29/protocol-core-2.30.29.jar:/Users/n1ks0nic/.m2/repository/software/amazon/awssdk/aws-json-protocol/2.30.29/aws-json-protocol-2.30.29.jar:/Users/n1ks0nic/.m2/repository/software/amazon/awssdk/third-party-jackson-core/2.30.29/third-party-jackson-core-2.30.29.jar:/Users/n1ks0nic/.m2/repository/software/amazon/awssdk/http-auth-aws/2.30.29/http-auth-aws-2.30.29.jar:/Users/n1ks0nic/.m2/repository/software/amazon/awssdk/checksums-spi/2.30.29/checksums-spi-2.30.29.jar:/Users/n1ks0nic/.m2/repository/software/amazon/awssdk/checksums/2.30.29/checksums-2.30.29.jar:/Users/n1ks0nic/.m2/repository/software/amazon/awssdk/sdk-core/2.30.29/sdk-core-2.30.29.jar:/Users/n1ks0nic/.m2/repository/software/amazon/awssdk/retries/2.30.29/retries-2.30.29.jar:/Users/n1ks0nic/.m2/repository/org/reactivestreams/reactive-streams/1.0.4/reactive-streams-1.0.4.jar:/Users/n1ks0nic/.m2/repository/software/amazon/awssdk/http-auth-spi/2.30.29/http-auth-spi-2.30.29.jar:/Users/n1ks0nic/.m2/repository/software/amazon/awssdk/http-auth/2.30.29/http-auth-2.30.29.jar:/Users/n1ks0nic/.m2/repository/software/amazon/awssdk/identity-spi/2.30.29/identity-spi-2.30.29.jar:/Users/n1ks0nic/.m2/repository/software/amazon/awssdk/http-client-spi/2.30.29/http-client-spi-2.30.29.jar:/Users/n1ks0nic/.m2/repository/software/amazon/awssdk/annotations/2.30.29/annotations-2.30.29.jar:/Users/n1ks0nic/.m2/repository/software/amazon/awssdk/utils/2.30.29/utils-2.30.29.jar:/Users/n1ks0nic/.m2/repository/software/amazon/awssdk/aws-core/2.30.29/aws-core-2.30.29.jar:/Users/n1ks0nic/.m2/repository/software/amazon/awssdk/metrics-spi/2.30.29/metrics-spi-2.30.29.jar:/Users/n1ks0nic/.m2/repository/software/amazon/awssdk/json-utils/2.30.29/json-utils-2.30.29.jar:/Users/n1ks0nic/.m2/repository/software/amazon/awssdk/endpoints-spi/2.30.29/endpoints-spi-2.30.29.jar:/Users/n1ks0nic/.m2/repository/software/amazon/awssdk/retries-spi/2.30.29/retries-spi-2.30.29.jar:/Users/n1ks0nic/.m2/repository/software/amazon/awssdk/apache-client/2.30.29/apache-client-2.30.29.jar:/Users/n1ks0nic/.m2/repository/org/apache/httpcomponents/httpclient/4.5.13/httpclient-4.5.13.jar:/Users/n1ks0nic/.m2/repository/commons-logging/commons-logging/1.2/commons-logging-1.2.jar:/Users/n1ks0nic/.m2/repository/org/apache/httpcomponents/httpcore/4.4.16/httpcore-4.4.16.jar:/Users/n1ks0nic/.m2/repository/commons-codec/commons-codec/1.17.1/commons-codec-1.17.1.jar:/Users/n1ks0nic/.m2/repository/software/amazon/awssdk/netty-nio-client/2.30.29/netty-nio-client-2.30.29.jar:/Users/n1ks0nic/.m2/repository/io/netty/netty-codec-http/4.1.118.Final/netty-codec-http-4.1.118.Final.jar:/Users/n1ks0nic/.m2/repository/io/netty/netty-codec-http2/4.1.118.Final/netty-codec-http2-4.1.118.Final.jar:/Users/n1ks0nic/.m2/repository/io/netty/netty-codec/4.1.118.Final/netty-codec-4.1.118.Final.jar:/Users/n1ks0nic/.m2/repository/io/netty/netty-transport/4.1.118.Final/netty-transport-4.1.118.Final.jar:/Users/n1ks0nic/.m2/repository/io/netty/netty-common/4.1.118.Final/netty-common-4.1.118.Final.jar:/Users/n1ks0nic/.m2/repository/io/netty/netty-buffer/4.1.118.Final/netty-buffer-4.1.118.Final.jar:/Users/n1ks0nic/.m2/repository/io/netty/netty-handler/4.1.118.Final/netty-handler-4.1.118.Final.jar:/Users/n1ks0nic/.m2/repository/io/netty/netty-transport-native-unix-common/4.1.118.Final/netty-transport-native-unix-common-4.1.118.Final.jar:/Users/n1ks0nic/.m2/repository/io/netty/netty-transport-classes-epoll/4.1.118.Final/netty-transport-classes-epoll-4.1.118.Final.jar:/Users/n1ks0nic/.m2/repository/io/netty/netty-resolver/4.1.118.Final/netty-resolver-4.1.118.Final.jar:/Users/n1ks0nic/.m2/repository/software/amazon/awssdk/regions/2.30.29/regions-2.30.29.jar:/Users/n1ks0nic/.m2/repository/software/amazon/awssdk/profiles/2.30.29/profiles-2.30.29.jar:/Users/n1ks0nic/.m2/repository/org/slf4j/slf4j-api/1.7.36/slf4j-api-1.7.36.jar:/Users/n1ks0nic/.m2/repository/software/amazon/awssdk/auth/2.30.29/auth-2.30.29.jar:/Users/n1ks0nic/.m2/repository/software/amazon/awssdk/http-auth-aws-eventstream/2.30.29/http-auth-aws-eventstream-2.30.29.jar:/Users/n1ks0nic/.m2/repository/software/amazon/eventstream/eventstream/1.0.1/eventstream-1.0.1.jar:/Users/n1ks0nic/.m2/repository/junit/junit/3.8.1/junit-3.8.1.jar:/Users/n1ks0nic/.m2/repository/com/amazonaws/aws-lambda-java-core/1.2.3/aws-lambda-java-core-1.2.3.jar:/Users/n1ks0nic/.m2/repository/com/amazonaws/aws-lambda-java-events/3.14.0/aws-lambda-java-events-3.14.0.jar:/Users/n1ks0nic/.m2/repository/joda-time/joda-time/2.10.8/joda-time-2.10.8.jar:/Users/n1ks0nic/.m2/repository/com/fasterxml/jackson/core/jackson-databind/2.18.2/jackson-databind-2.18.2.jar:/Users/n1ks0nic/.m2/repository/com/fasterxml/jackson/core/jackson-annotations/2.18.2/jackson-annotations-2.18.2.jar:/Users/n1ks0nic/.m2/repository/com/fasterxml/jackson/core/jackson-core/2.18.2/jackson-core-2.18.2.jar:/Users/n1ks0nic/.m2/repository/software/amazon/awssdk/sqs/2.30.29/sqs-2.30.29.jar:"/>
    <property name="java.vm.vendor" value="Homebrew"/>
    <property name="sun.arch.data.model" value="64"/>
    <property name="java.vendor.url" value="https://github.com/Homebrew/homebrew-core/issues"/>
    <property name="os.name" value="Mac OS X"/>
    <property name="java.vm.specification.version" value="21"/>
    <property name="sun.java.launcher" value="SUN_STANDARD"/>
    <property name="user.country" value="US"/>
    <property name="sun.boot.library.path" value="/usr/local/Cellar/openjdk@21/21.0.6/libexec/openjdk.jdk/Contents/Home/lib"/>
    <property name="sun.java.command" value="/Users/n1ks0nic/Documents/Comp sci stuff/FullStackEventTicketingSystem/AuroraPostgresConnector/target/surefire/surefirebooter-20250228141101649_3.jar /Users/n1ks0nic/Documents/Comp sci stuff/FullStackEventTicketingSystem/AuroraPostgresConnector/target/surefire 2025-02-28T14-11-01_572-jvmRun1 surefire-20250228141101649_1tmp surefire_0-20250228141101649_2tmp"/>
    <property name="http.nonProxyHosts" value="local|*.local|169.254/16|*.169.254/16"/>
    <property name="jdk.debug" value="release"/>
    <property name="surefire.test.class.path" value="/Users/n1ks0nic/Documents/Comp sci stuff/FullStackEventTicketingSystem/AuroraPostgresConnector/target/test-classes:/Users/n1ks0nic/Documents/Comp sci stuff/FullStackEventTicketingSystem/AuroraPostgresConnector/target/classes:/Users/n1ks0nic/.m2/repository/org/postgresql/postgresql/42.7.5/postgresql-42.7.5.jar:/Users/n1ks0nic/.m2/repository/org/checkerframework/checker-qual/3.48.3/checker-qual-3.48.3.jar:/Users/n1ks0nic/.m2/repository/software/amazon/awssdk/dsql/2.30.29/dsql-2.30.29.jar:/Users/n1ks0nic/.m2/repository/software/amazon/awssdk/protocol-core/2.30.29/protocol-core-2.30.29.jar:/Users/n1ks0nic/.m2/repository/software/amazon/awssdk/aws-json-protocol/2.30.29/aws-json-protocol-2.30.29.jar:/Users/n1ks0nic/.m2/repository/software/amazon/awssdk/third-party-jackson-core/2.30.29/third-party-jackson-core-2.30.29.jar:/Users/n1ks0nic/.m2/repository/software/amazon/awssdk/http-auth-aws/2.30.29/http-auth-aws-2.30.29.jar:/Users/n1ks0nic/.m2/repository/software/amazon/awssdk/checksums-spi/2.30.29/checksums-spi-2.30.29.jar:/Users/n1ks0nic/.m2/repository/software/amazon/awssdk/checksums/2.30.29/checksums-2.30.29.jar:/Users/n1ks0nic/.m2/repository/software/amazon/awssdk/sdk-core/2.30.29/sdk-core-2.30.29.jar:/Users/n1ks0nic/.m2/repository/software/amazon/awssdk/retries/2.30.29/retries-2.30.29.jar:/Users/n1ks0nic/.m2/repository/org/reactivestreams/reactive-streams/1.0.4/reactive-streams-1.0.4.jar:/Users/n1ks0nic/.m2/repository/software/amazon/awssdk/http-auth-spi/2.30.29/http-auth-spi-2.30.29.jar:/Users/n1ks0nic/.m2/repository/software/amazon/awssdk/http-auth/2.30.29/http-auth-2.30.29.jar:/Users/n1ks0nic/.m2/repository/software/amazon/awssdk/identity-spi/2.30.29/identity-spi-2.30.29.jar:/Users/n1ks0nic/.m2/repository/software/amazon/awssdk/http-client-spi/2.30.29/http-client-spi-2.30.29.jar:/Users/n1ks0nic/.m2/repository/software/amazon/awssdk/annotations/2.30.29/annotations-2.30.29.jar:/Users/n1ks0nic/.m2/repository/software/amazon/awssdk/utils/2.30.29/utils-2.30.29.jar:/Users/n1ks0nic/.m2/repository/software/amazon/awssdk/aws-core/2.30.29/aws-core-2.30.29.jar:/Users/n1ks0nic/.m2/repository/software/amazon/awssdk/metrics-spi/2.30.29/metrics-spi-2.30.29.jar:/Users/n1ks0nic/.m2/repository/software/amazon/awssdk/json-utils/2.30.29/json-utils-2.30.29.jar:/Users/n1ks0nic/.m2/repository/software/amazon/awssdk/endpoints-spi/2.30.29/endpoints-spi-2.30.29.jar:/Users/n1ks0nic/.m2/repository/software/amazon/awssdk/retries-spi/2.30.29/retries-spi-2.30.29.jar:/Users/n1ks0nic/.m2/repository/software/amazon/awssdk/apache-client/2.30.29/apache-client-2.30.29.jar:/Users/n1ks0nic/.m2/repository/org/apache/httpcomponents/httpclient/4.5.13/httpclient-4.5.13.jar:/Users/n1ks0nic/.m2/repository/commons-logging/commons-logging/1.2/commons-logging-1.2.jar:/Users/n1ks0nic/.m2/repository/org/apache/httpcomponents/httpcore/4.4.16/httpcore-4.4.16.jar:/Users/n1ks0nic/.m2/repository/commons-codec/commons-codec/1.17.1/commons-codec-1.17.1.jar:/Users/n1ks0nic/.m2/repository/software/amazon/awssdk/netty-nio-client/2.30.29/netty-nio-client-2.30.29.jar:/Users/n1ks0nic/.m2/repository/io/netty/netty-codec-http/4.1.118.Final/netty-codec-http-4.1.118.Final.jar:/Users/n1ks0nic/.m2/repository/io/netty/netty-codec-http2/4.1.118.Final/netty-codec-http2-4.1.118.Final.jar:/Users/n1ks0nic/.m2/repository/io/netty/netty-codec/4.1.118.Final/netty-codec-4.1.118.Final.jar:/Users/n1ks0nic/.m2/repository/io/netty/netty-transport/4.1.118.Final/netty-transport-4.1.118.Final.jar:/Users/n1ks0nic/.m2/repository/io/netty/netty-common/4.1.118.Final/netty-common-4.1.118.Final.jar:/Users/n1ks0nic/.m2/repository/io/netty/netty-buffer/4.1.118.Final/netty-buffer-4.1.118.Final.jar:/Users/n1ks0nic/.m2/repository/io/netty/netty-handler/4.1.118.Final/netty-handler-4.1.118.Final.jar:/Users/n1ks0nic/.m2/repository/io/netty/netty-transport-native-unix-common/4.1.118.Final/netty-transport-native-unix-common-4.1.118.Final.jar:/Users/n1ks0nic/.m2/repository/io/netty/netty-transport-classes-epoll/4.1.118.Final/netty-transport-classes-epoll-4.1.118.Final.jar:/Users/n1ks0nic/.m2/repository/io/netty/netty-resolver/4.1.118.Final/netty-resolver-4.1.118.Final.jar:/Users/n1ks0nic/.m2/repository/software/amazon/awssdk/regions/2.30.29/regions-2.30.29.jar:/Users/n1ks0nic/.m2/repository/software/amazon/awssdk/profiles/2.30.29/profiles-2.30.29.jar:/Users/n1ks0nic/.m2/repository/org/slf4j/slf4j-api/1.7.36/slf4j-api-1.7.36.jar:/Users/n1ks0nic/.m2/repository/software/amazon/awssdk/auth/2.30.29/auth-2.30.29.jar:/Users/n1ks0nic/.m2/repository/software/amazon/awssdk/http-auth-aws-eventstream/2.30.29/http-auth-aws-eventstream-2.30.29.jar:/Users/n1ks0nic/.m2/repository/software/amazon/eventstream/eventstream/1.0.1/eventstream-1.0.1.jar:/Users/n1ks0nic/.m2/repository/junit/junit/3.8.1/junit-3.8.1.jar:/Users/n1ks0nic/.m2/repository/com/amazonaws/aws-lambda-java-core/1.2.3/aws-lambda-java-core-1.2.3.jar:/Users/n1ks0nic/.m2/repository/com/amazonaws/aws-lambda-java-events/3.14.0/aws-lambda-java-events-3.14.0.jar:/Users/n1ks0nic/.m2/repository/joda-time/joda-time/2.10.8/joda-time-2.10.8.jar:/Users/n1ks0nic/.m2/repository/com/fasterxml/jackson/core/jackson-databind/2.18.2/jackson-databind-2.18.2.jar:/Users/n1ks0nic/.m2/repository/com/fasterxml/jackson/core/jackson-annotations/2.18.2/jackson-annotations-2.18.2.jar:/Users/n1ks0nic/.m2/repository/com/fasterxml/jackson/core/jackson-core/2.18.2/jackson-core-2.18.2.jar:/Users/n1ks0nic/.m2/repository/software/amazon/awssdk/sqs/2.30.29/sqs-2.30.29.jar:"/>
    <property name="sun.cpu.endian" value="little"/>
    <property name="user.home" value="/Users/n1ks0nic"/>
    <property name="user.language" value="en"/>
    <property name="java.specification.vendor" value="Oracle Corporation"/>
    <property name="java.version.date" value="2025-01-21"/>
    <property name="java.home" value="/usr/local/Cellar/openjdk@21/21.0.6/libexec/openjdk.jdk/Contents/Home"/>
    <property name="file.separator" value="/"/>
    <property name="basedir" value="/Users/n1ks0nic/Documents/Comp sci stuff/FullStackEventTicketingSystem/AuroraPostgresConnector"/>
    <property name="java.vm.compressedOopsMode" value="Zero based"/>
    <property name="line.separator" value="&#10;"/>
    <property name="java.vm.specification.vendor" value="Oracle Corporation"/>
    <property name="java.specification.name" value="Java Platform API Specification"/>
    <property name="apple.awt.application.name" value="ForkedBooter"/>
    <property name="surefire.real.class.path" value="/Users/n1ks0nic/Documents/Comp sci stuff/FullStackEventTicketingSystem/AuroraPostgresConnector/target/surefire/surefirebooter-20250228141101649_3.jar"/>
    <property name="sun.management.compiler" value="HotSpot 64-Bit Tiered Compilers"/>
    <property name="ftp.nonProxyHosts" value="local|*.local|169.254/16|*.169.254/16"/>
    <property name="java.runtime.version" value="21.0.6"/>
    <property name="user.name" value="n1ks0nic"/>
    <property name="stdout.encoding" value="UTF-8"/>
    <property name="path.separator" value=":"/>
    <property name="os.version" value="15.3"/>
    <property name="java.runtime.name" value="OpenJDK Runtime Environment"/>
    <property name="file.encoding" value="UTF-8"/>
    <property name="java.vm.name" value="OpenJDK 64-Bit Server VM"/>
    <property name="java.vendor.version" value="Homebrew"/>
    <property name="localRepository" value="/Users/n1ks0nic/.m2/repository"/>
    <property name="java.vendor.url.bug" value="https://github.com/Homebrew/homebrew-core/issues"/>
    <property name="java.io.tmpdir" value="/var/folders/xj/yq820qq94s36lymm7xwm87qc0000gn/T/"/>
    <property name="java.version" value="21.0.6"/>
    <property name="user.dir" value="/Users/n1ks0nic/Documents/Comp sci stuff/FullStackEventTicketingSystem/AuroraPostgresConnector"/>
    <property name="os.arch" value="x86_64"/>
    <property name="java.vm.specification.name" value="Java Virtual Machine Specification"/>
    <property name="native.encoding" value="UTF-8"/>
    <property name="java.library.path" value="/Users/n1ks0nic/Library/Java/Extensions:/Library/Java/Extensions:/Network/Library/Java/Extensions:/System/Library/Java/Extensions:/usr/lib/java:."/>
    <property name="java.vm.info" value="mixed mode, sharing"/>
    <property name="stderr.encoding" value="UTF-8"/>
    <property name="java.vendor" value="Homebrew"/>
    <property name="java.vm.version" value="21.0.6"/>
    <property name="sun.io.unicode.encoding" value="UnicodeBig"/>
    <property name="socksNonProxyHosts" value="local|*.local|169.254/16|*.169.254/16"/>
    <property name="java.class.version" value="65.0"/>
  </properties>
  <testcase name="testApp" classname="com.example.AppTest" time="0.004"/>
</testsuite>